{"/Users/casewylie/Playground/listio/task-service/controllers.js": {"path":"/Users/casewylie/Playground/listio/task-service/controllers.js","all":false,"statementMap":{"0":{"start":{"line":1,"column":0},"end":{"line":1,"column":26}},"1":{"start":{"line":2,"column":0},"end":{"line":2,"column":0}},"2":{"start":{"line":3,"column":0},"end":{"line":3,"column":43}},"3":{"start":{"line":4,"column":0},"end":{"line":4,"column":41}},"4":{"start":{"line":5,"column":0},"end":{"line":5,"column":25}},"5":{"start":{"line":6,"column":0},"end":{"line":6,"column":52}},"6":{"start":{"line":7,"column":0},"end":{"line":7,"column":10}},"7":{"start":{"line":8,"column":0},"end":{"line":8,"column":42}},"8":{"start":{"line":9,"column":0},"end":{"line":9,"column":3}},"9":{"start":{"line":10,"column":0},"end":{"line":10,"column":2}},"10":{"start":{"line":11,"column":0},"end":{"line":11,"column":44}},"11":{"start":{"line":12,"column":0},"end":{"line":12,"column":45}},"12":{"start":{"line":13,"column":0},"end":{"line":13,"column":38}},"13":{"start":{"line":14,"column":0},"end":{"line":14,"column":52}},"14":{"start":{"line":15,"column":0},"end":{"line":15,"column":21}},"15":{"start":{"line":16,"column":0},"end":{"line":16,"column":17}},"16":{"start":{"line":17,"column":0},"end":{"line":17,"column":36}},"17":{"start":{"line":18,"column":0},"end":{"line":18,"column":48}},"18":{"start":{"line":19,"column":0},"end":{"line":19,"column":3}},"19":{"start":{"line":20,"column":0},"end":{"line":20,"column":2}},"20":{"start":{"line":21,"column":0},"end":{"line":21,"column":66}},"21":{"start":{"line":22,"column":0},"end":{"line":22,"column":41}},"22":{"start":{"line":23,"column":0},"end":{"line":23,"column":25}},"23":{"start":{"line":24,"column":0},"end":{"line":24,"column":32}},"24":{"start":{"line":25,"column":0},"end":{"line":25,"column":26}},"25":{"start":{"line":26,"column":0},"end":{"line":26,"column":33}},"26":{"start":{"line":27,"column":0},"end":{"line":27,"column":25}},"27":{"start":{"line":28,"column":0},"end":{"line":28,"column":7}},"28":{"start":{"line":29,"column":0},"end":{"line":29,"column":18}},"29":{"start":{"line":30,"column":0},"end":{"line":30,"column":7}},"30":{"start":{"line":31,"column":0},"end":{"line":31,"column":10}},"31":{"start":{"line":32,"column":0},"end":{"line":32,"column":42}},"32":{"start":{"line":33,"column":0},"end":{"line":33,"column":3}},"33":{"start":{"line":34,"column":0},"end":{"line":34,"column":2}},"34":{"start":{"line":35,"column":0},"end":{"line":35,"column":0}},"35":{"start":{"line":36,"column":0},"end":{"line":36,"column":46}},"36":{"start":{"line":37,"column":0},"end":{"line":37,"column":41}},"37":{"start":{"line":38,"column":0},"end":{"line":38,"column":25}},"38":{"start":{"line":39,"column":0},"end":{"line":39,"column":50}},"39":{"start":{"line":40,"column":0},"end":{"line":40,"column":10}},"40":{"start":{"line":41,"column":0},"end":{"line":41,"column":42}},"41":{"start":{"line":42,"column":0},"end":{"line":42,"column":3}},"42":{"start":{"line":43,"column":0},"end":{"line":43,"column":2}}},"s":{"0":1,"1":1,"2":1,"3":2,"4":2,"5":1,"6":1,"7":1,"8":1,"9":2,"10":1,"11":2,"12":2,"13":1,"14":1,"15":1,"16":1,"17":1,"18":1,"19":2,"20":1,"21":2,"22":2,"23":1,"24":3,"25":1,"26":1,"27":1,"28":3,"29":3,"30":1,"31":1,"32":1,"33":2,"34":1,"35":1,"36":2,"37":2,"38":1,"39":1,"40":1,"41":1,"42":2},"branchMap":{"0":{"type":"branch","line":3,"loc":{"start":{"line":3,"column":27},"end":{"line":10,"column":2}},"locations":[{"start":{"line":3,"column":27},"end":{"line":10,"column":2}}]},"1":{"type":"branch","line":5,"loc":{"start":{"line":5,"column":24},"end":{"line":9,"column":3}},"locations":[{"start":{"line":5,"column":24},"end":{"line":9,"column":3}}]},"2":{"type":"branch","line":4,"loc":{"start":{"line":4,"column":23},"end":{"line":4,"column":41}},"locations":[{"start":{"line":4,"column":23},"end":{"line":4,"column":41}}]},"3":{"type":"branch","line":6,"loc":{"start":{"line":6,"column":25},"end":{"line":6,"column":49}},"locations":[{"start":{"line":6,"column":25},"end":{"line":6,"column":49}}]},"4":{"type":"branch","line":11,"loc":{"start":{"line":11,"column":26},"end":{"line":20,"column":2}},"locations":[{"start":{"line":11,"column":26},"end":{"line":20,"column":2}}]},"5":{"type":"branch","line":13,"loc":{"start":{"line":13,"column":37},"end":{"line":19,"column":3}},"locations":[{"start":{"line":13,"column":37},"end":{"line":19,"column":3}}]},"6":{"type":"branch","line":12,"loc":{"start":{"line":12,"column":25},"end":{"line":12,"column":45}},"locations":[{"start":{"line":12,"column":25},"end":{"line":12,"column":45}}]},"7":{"type":"branch","line":21,"loc":{"start":{"line":21,"column":30},"end":{"line":34,"column":2}},"locations":[{"start":{"line":21,"column":30},"end":{"line":34,"column":2}}]},"8":{"type":"branch","line":23,"loc":{"start":{"line":23,"column":24},"end":{"line":33,"column":3}},"locations":[{"start":{"line":23,"column":24},"end":{"line":33,"column":3}}]},"9":{"type":"branch","line":22,"loc":{"start":{"line":22,"column":23},"end":{"line":22,"column":41}},"locations":[{"start":{"line":22,"column":23},"end":{"line":22,"column":41}}]},"10":{"type":"branch","line":24,"loc":{"start":{"line":24,"column":22},"end":{"line":30,"column":7}},"locations":[{"start":{"line":24,"column":22},"end":{"line":30,"column":7}}]},"11":{"type":"branch","line":25,"loc":{"start":{"line":25,"column":25},"end":{"line":28,"column":7}},"locations":[{"start":{"line":25,"column":25},"end":{"line":28,"column":7}}]},"12":{"type":"branch","line":36,"loc":{"start":{"line":36,"column":30},"end":{"line":43,"column":2}},"locations":[{"start":{"line":36,"column":30},"end":{"line":43,"column":2}}]},"13":{"type":"branch","line":38,"loc":{"start":{"line":38,"column":24},"end":{"line":42,"column":3}},"locations":[{"start":{"line":38,"column":24},"end":{"line":42,"column":3}}]},"14":{"type":"branch","line":37,"loc":{"start":{"line":37,"column":23},"end":{"line":37,"column":41}},"locations":[{"start":{"line":37,"column":23},"end":{"line":37,"column":41}}]},"15":{"type":"branch","line":39,"loc":{"start":{"line":39,"column":25},"end":{"line":39,"column":50}},"locations":[{"start":{"line":39,"column":25},"end":{"line":39,"column":50}}]}},"b":{"0":[2],"1":[1],"2":[6],"3":[3],"4":[2],"5":[1],"6":[5],"7":[2],"8":[1],"9":[6],"10":[3],"11":[1],"12":[2],"13":[1],"14":[6],"15":[3]},"fnMap":{"0":{"name":"getTaskById","decl":{"start":{"line":3,"column":27},"end":{"line":10,"column":2}},"loc":{"start":{"line":3,"column":27},"end":{"line":10,"column":2}},"line":3},"1":{"name":"createTask","decl":{"start":{"line":11,"column":26},"end":{"line":20,"column":2}},"loc":{"start":{"line":11,"column":26},"end":{"line":20,"column":2}},"line":11},"2":{"name":"updateTaskById","decl":{"start":{"line":21,"column":30},"end":{"line":34,"column":2}},"loc":{"start":{"line":21,"column":30},"end":{"line":34,"column":2}},"line":21},"3":{"name":"deleteTaskById","decl":{"start":{"line":36,"column":30},"end":{"line":43,"column":2}},"loc":{"start":{"line":36,"column":30},"end":{"line":43,"column":2}},"line":36}},"f":{"0":2,"1":2,"2":2,"3":2}}
}
