TN:
SF:controllers.js
FN:3,getTaskById
FN:11,createTask
FN:21,updateTaskById
FN:36,deleteTaskById
FNF:4
FNH:4
FNDA:2,getTaskById
FNDA:2,createTask
FNDA:2,updateTaskById
FNDA:2,deleteTaskById
DA:1,1
DA:2,1
DA:3,1
DA:4,2
DA:5,2
DA:6,1
DA:7,1
DA:8,1
DA:9,1
DA:10,2
DA:11,1
DA:12,2
DA:13,2
DA:14,1
DA:15,1
DA:16,1
DA:17,1
DA:18,1
DA:19,1
DA:20,2
DA:21,1
DA:22,2
DA:23,2
DA:24,1
DA:25,3
DA:26,1
DA:27,1
DA:28,1
DA:29,3
DA:30,3
DA:31,1
DA:32,1
DA:33,1
DA:34,2
DA:35,1
DA:36,1
DA:37,2
DA:38,2
DA:39,1
DA:40,1
DA:41,1
DA:42,1
DA:43,2
LF:43
LH:43
BRDA:3,0,0,2
BRDA:5,1,0,1
BRDA:4,2,0,6
BRDA:6,3,0,3
BRDA:11,4,0,2
BRDA:13,5,0,1
BRDA:12,6,0,5
BRDA:21,7,0,2
BRDA:23,8,0,1
BRDA:22,9,0,6
BRDA:24,10,0,3
BRDA:25,11,0,1
BRDA:36,12,0,2
BRDA:38,13,0,1
BRDA:37,14,0,6
BRDA:39,15,0,3
BRF:16
BRH:16
end_of_record
